[debug] > Exec(early(addDefaultCommands), None, None)
[debug] > Exec(addDefaultCommands, None, None)
[debug] > Exec(early(initialize), None, None)
[debug] > Exec(initialize, None, None)
[debug] > Exec(early(addPluginSbtFile="""C:\Users\amitkumar376\AppData\Local\Temp\idea2.sbt"""), None, None)
[debug] > Exec(addPluginSbtFile="""C:\Users\amitkumar376\AppData\Local\Temp\idea2.sbt""", None, None)
[debug] > Exec(boot, None, None)
[debug] > Exec(writeSbtVersion, None, None)
[debug] > Exec(reload, None, None)
[debug] > Exec(sbtStashOnFailure, None, None)
[debug] > Exec(onFailure loadFailed, None, None)
[debug] > Exec(loadp, None, None)
[info] welcome to sbt 1.4.7 (Amazon.com Inc. Java 1.8.0_282)
[debug]       Load.loadUnit: plugins took 125.0113ms
[debug]       Load.loadUnit: defsScala took 0.4003ms
[debug] [Loading] Scanning directory C:\Users\amitkumar376\.sbt\1.0\plugins
[debug] [Loading] Found non-root projects 
[debug] [Loading] Done in C:\Users\amitkumar376\.sbt\1.0\plugins, returning: ()
[debug] deducing auto plugins based on known facts Set(Atom(sbt.plugins.CorePlugin)) and clauses Clauses(List(Clause(Atom(sbt.plugins.JvmPlugin),Set(Atom(sbt.plugins.IvyPlugin))), Clause(Atom(sbt.ScriptedPlugin),Set(Atom(sbt.plugins.JvmPlugin))), Clause(Atom(sbt.plugins.SbtPlugin),Set(Atom(sbt.ScriptedPlugin))), Clause(Atom(sbt.plugins.SemanticdbPlugin),Set(Atom(sbt.plugins.JvmPlugin))), Clause(Atom(sbt.plugins.JUnitXmlReportPlugin),Set(Atom(sbt.plugins.JvmPlugin))), Clause(Atom(sbt.plugins.MiniDependencyTreePlugin),Set(Atom(sbt.plugins.JvmPlugin))), Clause(Atom(sbt.plugins.CorePlugin),Set(Atom(sbt.plugins.IvyPlugin))), Clause(Atom(sbt.plugins.IvyPlugin),Set(Atom(sbt.plugins.JvmPlugin))), Clause(Atom(sbt.plugins.JvmPlugin),Set(Atom(sbt.plugins.SemanticdbPlugin))), Clause(Atom(sbt.plugins.JvmPlugin),Set(Atom(sbt.plugins.JUnitXmlReportPlugin))), Clause(Atom(sbt.plugins.CorePlugin),Set(Atom(sbt.plugins.Giter8TemplatePlugin))), Clause(Atom(sbt.plugins.JvmPlugin),Set(Atom(sbt.plugins.MiniDependencyTreePlugin)))))
[debug]   :: deduced result: Matched(sbt.plugins.CorePlugin,sbt.plugins.Giter8TemplatePlugin,sbt.plugins.IvyPlugin,sbt.plugins.JvmPlugin,sbt.plugins.MiniDependencyTreePlugin,sbt.plugins.JUnitXmlReportPlugin,sbt.plugins.SemanticdbPlugin)
[debug] Plugins.deducer#function took 38.7614 ms
[debug]           Load.resolveProject(global-plugins) took 57.6591ms
[debug]         Load.loadTransitive: finalizeProject(Project(id global-plugins, base: C:\Users\amitkumar376\.sbt\1.0\plugins, plugins: List(<none>))) took 134.673ms
[debug] [Loading] Done in C:\Users\amitkumar376\.sbt\1.0\plugins, returning: (global-plugins)
[debug]       Load.loadUnit: loadedProjectsRaw took 161.2642ms
[debug]       Load.loadUnit: cleanEvalClasses took 0.296ms
[debug]     Load.loadUnit(file:/C:/Users/amitkumar376/.sbt/1.0/plugins/, ...) took 298.3616ms
[debug]   Load.apply: load took 499.6303ms
[debug]   Load.apply: resolveProjects took 9.3461ms
[debug]   Load.apply: finalTransforms took 73.5504ms
[debug]   Load.apply: config.delegates took 9.5904ms
[debug]   Load.apply: Def.make(settings)... took 1230.0632ms
[debug]   Load.apply: structureIndex took 105.7639ms
[debug]   Load.apply: mkStreams took 2.8837ms
[info] loading global plugins from C:\Users\amitkumar376\.sbt\1.0\plugins
[debug] Running task... Cancel: Signal, check cycles: false, forcegc: true
[debug] Load.defaultLoad until apply took 3703.6648ms
[debug]           Load.loadUnit: plugins took 30.0849ms
[debug]           Load.loadUnit: defsScala took 0.003ms
[debug] [Loading] Scanning directory C:\Users\amitkumar376\IdeaProjects\AssignementScala\project
[debug]             Load.loadUnit: mkEval took 8.8661ms
[debug] [Loading] Found non-root projects 
[debug] [Loading] Done in C:\Users\amitkumar376\IdeaProjects\AssignementScala\project, returning: ()
[debug] deducing auto plugins based on known facts Set(Atom(sbt.plugins.CorePlugin)) and clauses Clauses(List(Clause(Atom(sbt.plugins.JvmPlugin),Set(Atom(sbt.plugins.IvyPlugin))), Clause(Atom(sbt.ScriptedPlugin),Set(Atom(sbt.plugins.JvmPlugin))), Clause(Atom(sbt.plugins.SbtPlugin),Set(Atom(sbt.ScriptedPlugin))), Clause(Atom(sbt.plugins.SemanticdbPlugin),Set(Atom(sbt.plugins.JvmPlugin))), Clause(Atom(sbt.plugins.JUnitXmlReportPlugin),Set(Atom(sbt.plugins.JvmPlugin))), Clause(Atom(sbt.plugins.MiniDependencyTreePlugin),Set(Atom(sbt.plugins.JvmPlugin))), Clause(Atom(sbt.plugins.CorePlugin),Set(Atom(sbt.plugins.IvyPlugin))), Clause(Atom(sbt.plugins.IvyPlugin),Set(Atom(sbt.plugins.JvmPlugin))), Clause(Atom(sbt.plugins.JvmPlugin),Set(Atom(sbt.plugins.SemanticdbPlugin))), Clause(Atom(sbt.plugins.JvmPlugin),Set(Atom(sbt.plugins.JUnitXmlReportPlugin))), Clause(Atom(sbt.plugins.CorePlugin),Set(Atom(sbt.plugins.Giter8TemplatePlugin))), Clause(Atom(sbt.plugins.JvmPlugin),Set(Atom(sbt.plugins.MiniDependencyTreePlugin)))))
[debug]   :: deduced result: Matched(sbt.plugins.CorePlugin,sbt.plugins.Giter8TemplatePlugin,sbt.plugins.IvyPlugin,sbt.plugins.JvmPlugin,sbt.plugins.MiniDependencyTreePlugin,sbt.plugins.JUnitXmlReportPlugin,sbt.plugins.SemanticdbPlugin)
[debug] Plugins.deducer#function took 2.2555 ms
[info] loading settings for project assignementscala-build from idea2.sbt ...
[debug]               Load.resolveProject(assignementscala-build) took 14.3953ms
[debug]             Load.loadTransitive: finalizeProject(Project(id assignementscala-build, base: C:\Users\amitkumar376\IdeaProjects\AssignementScala\project, plugins: List(<none>))) took 17.3251ms
[debug] [Loading] Done in C:\Users\amitkumar376\IdeaProjects\AssignementScala\project, returning: (assignementscala-build)
[debug]           Load.loadUnit: loadedProjectsRaw took 168.9382ms
[debug]           Load.loadUnit: cleanEvalClasses took 6.0246ms
[debug]         Load.loadUnit(file:/C:/Users/amitkumar376/IdeaProjects/AssignementScala/project/, ...) took 206.5784ms
[debug]       Load.apply: load took 208.9374ms
[debug]       Load.apply: resolveProjects took 0.1327ms
[debug]       Load.apply: finalTransforms took 7.5882ms
[debug]       Load.apply: config.delegates took 0.5811ms
[debug]       Load.apply: Def.make(settings)... took 132.5891ms
[debug]       Load.apply: structureIndex took 44.3725ms
[debug]       Load.apply: mkStreams took 0.0047ms
[info] loading project definition from C:\Users\amitkumar376\IdeaProjects\AssignementScala\project
[debug] Running task... Cancel: Signal, check cycles: false, forcegc: true
[debug]     Load.loadUnit: plugins took 695.516ms
[debug]     Load.loadUnit: defsScala took 0.0034ms
[debug] [Loading] Scanning directory C:\Users\amitkumar376\IdeaProjects\AssignementScala
[debug]       Load.loadUnit: mkEval took 0.4668ms
[debug] [Loading] Found non-root projects 
[debug] [Loading] Done in C:\Users\amitkumar376\IdeaProjects\AssignementScala, returning: ()
[debug] deducing auto plugins based on known facts Set(Atom(sbt.plugins.CorePlugin)) and clauses Clauses(List(Clause(Atom(sbt.plugins.JvmPlugin),Set(Atom(sbt.plugins.IvyPlugin))), Clause(Atom(sbt.ScriptedPlugin),Set(Atom(sbt.plugins.JvmPlugin))), Clause(Atom(sbt.plugins.SbtPlugin),Set(Atom(sbt.ScriptedPlugin))), Clause(Atom(sbt.plugins.SemanticdbPlugin),Set(Atom(sbt.plugins.JvmPlugin))), Clause(Atom(sbt.plugins.JUnitXmlReportPlugin),Set(Atom(sbt.plugins.JvmPlugin))), Clause(Atom(sbt.plugins.MiniDependencyTreePlugin),Set(Atom(sbt.plugins.JvmPlugin))), Clause(Atom(org.jetbrains.sbt.StructurePlugin),Set(Atom(sbt.plugins.JvmPlugin))), Clause(Atom(org.jetbrains.sbt.IdeaShellPlugin),Set(Atom(sbt.plugins.JvmPlugin))), Clause(Atom(org.jetbrains.sbt.indices.SbtIntellijIndicesPlugin),Set(Atom(sbt.plugins.JvmPlugin))), Clause(Atom(sbt.plugins.CorePlugin),Set(Atom(sbt.plugins.IvyPlugin))), Clause(Atom(sbt.plugins.IvyPlugin),Set(Atom(sbt.plugins.JvmPlugin))), Clause(Atom(sbt.plugins.JvmPlugin),Set(Atom(sbt.plugins.SemanticdbPlugin))), Clause(Atom(sbt.plugins.JvmPlugin),Set(Atom(sbt.plugins.JUnitXmlReportPlugin))), Clause(Atom(sbt.plugins.CorePlugin),Set(Atom(sbt.plugins.Giter8TemplatePlugin))), Clause(Atom(sbt.plugins.JvmPlugin),Set(Atom(sbt.plugins.MiniDependencyTreePlugin))), Clause(Atom(sbt.plugins.JvmPlugin),Set(Atom(org.jetbrains.sbt.StructurePlugin))), Clause(Atom(sbt.plugins.JvmPlugin),Set(Atom(org.jetbrains.sbt.IdeaShellPlugin))), Clause(And(Set(Atom(sbt.plugins.CorePlugin), Atom(sbt.plugins.JvmPlugin))),Set(Atom(org.jetbrains.sbt.indices.SbtIntellijIndicesPlugin)))))
[debug]   :: deduced result: Matched(sbt.plugins.CorePlugin,sbt.plugins.Giter8TemplatePlugin,sbt.plugins.IvyPlugin,sbt.plugins.JvmPlugin,sbt.plugins.SemanticdbPlugin,org.jetbrains.sbt.indices.SbtIntellijIndicesPlugin,sbt.plugins.JUnitXmlReportPlugin,org.jetbrains.sbt.IdeaShellPlugin,org.jetbrains.sbt.StructurePlugin,sbt.plugins.MiniDependencyTreePlugin)
[debug] Plugins.deducer#function took 3.3002 ms
[info] loading settings for project assignementscala from build.sbt ...
[debug]         Load.resolveProject(assignementscala) took 35.8849ms
[debug]       Load.loadTransitive: finalizeProject(Project(id assignementscala, base: C:\Users\amitkumar376\IdeaProjects\AssignementScala, plugins: List(<none>))) took 41.3618ms
[debug] [Loading] Done in C:\Users\amitkumar376\IdeaProjects\AssignementScala, returning: (assignementscala)
[debug]     Load.loadUnit: loadedProjectsRaw took 2758.9688ms
[debug]     Load.loadUnit: cleanEvalClasses took 11.9442ms
[debug]   Load.loadUnit(file:/C:/Users/amitkumar376/IdeaProjects/AssignementScala/, ...) took 3467.3434ms
[debug] Load.apply: load took 3470.7922ms
[debug] Load.apply: resolveProjects took 0.2454ms
[debug] Load.apply: finalTransforms took 28.8903ms
[debug] Load.apply: config.delegates took 0.401ms
[debug] Load.apply: Def.make(settings)... took 82.135ms
[debug] Load.apply: structureIndex took 29.1334ms
[debug] Load.apply: mkStreams took 0.0064ms
[info] set current project to AssignementScala (in build file:/C:/Users/amitkumar376/IdeaProjects/AssignementScala/)
[debug] > Exec(sbtPopOnFailure, None, None)
[debug] > Exec(resumeFromFailure, None, None)
[debug] > Exec(notifyUsersAboutShell, None, None)
[debug] > Exec(iflast shell, None, None)
[debug] > Exec(; set ideaPort in Global := 55338 ; idea-shell, None, None)
[debug] > Exec(set ideaPort in Global := 55338, None, None)
[info] Defining Global / ideaPort
[info] The new value will be used by Compile / compile, Test / compile
[debug] Defining 
[debug] 	Global / ideaPort
[debug] 
[debug] The new value will be used by 
[debug] 	Compile / compile
[debug] 	Test / compile
[info] Reapplying settings...
[info] set current project to AssignementScala (in build file:/C:/Users/amitkumar376/IdeaProjects/AssignementScala/)
[debug] > Exec(idea-shell, None, None)
