[debug] > Exec(early(addDefaultCommands), None, None)
[debug] > Exec(addDefaultCommands, None, None)
[debug] > Exec(early(initialize), None, None)
[debug] > Exec(initialize, None, None)
[debug] > Exec(early(addPluginSbtFile="""C:\Users\amitkumar376\AppData\Local\Temp\idea.sbt"""), None, None)
[debug] > Exec(addPluginSbtFile="""C:\Users\amitkumar376\AppData\Local\Temp\idea.sbt""", None, None)
[debug] > Exec(boot, None, None)
[debug] > Exec(writeSbtVersion, None, None)
[debug] > Exec(reload, None, None)
[debug] > Exec(sbtStashOnFailure, None, None)
[debug] > Exec(onFailure loadFailed, None, None)
[debug] > Exec(loadp, None, None)
[info] welcome to sbt 1.4.7 (Amazon.com Inc. Java 1.8.0_282)
[debug]       Load.loadUnit: plugins took 162.442ms
[debug]       Load.loadUnit: defsScala took 0.5329ms
[debug] [Loading] Scanning directory C:\Users\amitkumar376\.sbt\1.0\plugins
[debug] [Loading] Found non-root projects 
[debug] [Loading] Done in C:\Users\amitkumar376\.sbt\1.0\plugins, returning: ()
[debug] deducing auto plugins based on known facts Set(Atom(sbt.plugins.CorePlugin)) and clauses Clauses(List(Clause(Atom(sbt.plugins.JvmPlugin),Set(Atom(sbt.plugins.IvyPlugin))), Clause(Atom(sbt.ScriptedPlugin),Set(Atom(sbt.plugins.JvmPlugin))), Clause(Atom(sbt.plugins.SbtPlugin),Set(Atom(sbt.ScriptedPlugin))), Clause(Atom(sbt.plugins.SemanticdbPlugin),Set(Atom(sbt.plugins.JvmPlugin))), Clause(Atom(sbt.plugins.JUnitXmlReportPlugin),Set(Atom(sbt.plugins.JvmPlugin))), Clause(Atom(sbt.plugins.MiniDependencyTreePlugin),Set(Atom(sbt.plugins.JvmPlugin))), Clause(Atom(sbt.plugins.CorePlugin),Set(Atom(sbt.plugins.IvyPlugin))), Clause(Atom(sbt.plugins.IvyPlugin),Set(Atom(sbt.plugins.JvmPlugin))), Clause(Atom(sbt.plugins.JvmPlugin),Set(Atom(sbt.plugins.SemanticdbPlugin))), Clause(Atom(sbt.plugins.JvmPlugin),Set(Atom(sbt.plugins.JUnitXmlReportPlugin))), Clause(Atom(sbt.plugins.CorePlugin),Set(Atom(sbt.plugins.Giter8TemplatePlugin))), Clause(Atom(sbt.plugins.JvmPlugin),Set(Atom(sbt.plugins.MiniDependencyTreePlugin)))))
[debug]   :: deduced result: Matched(sbt.plugins.CorePlugin,sbt.plugins.Giter8TemplatePlugin,sbt.plugins.IvyPlugin,sbt.plugins.JvmPlugin,sbt.plugins.MiniDependencyTreePlugin,sbt.plugins.JUnitXmlReportPlugin,sbt.plugins.SemanticdbPlugin)
[debug] Plugins.deducer#function took 35.7685 ms
[debug]           Load.resolveProject(global-plugins) took 87.1502ms
[debug]         Load.loadTransitive: finalizeProject(Project(id global-plugins, base: C:\Users\amitkumar376\.sbt\1.0\plugins, plugins: List(<none>))) took 168.1347ms
[debug] [Loading] Done in C:\Users\amitkumar376\.sbt\1.0\plugins, returning: (global-plugins)
[debug]       Load.loadUnit: loadedProjectsRaw took 204.7209ms
[debug]       Load.loadUnit: cleanEvalClasses took 0.3838ms
[debug]     Load.loadUnit(file:/C:/Users/amitkumar376/.sbt/1.0/plugins/, ...) took 382.9507ms
[debug]   Load.apply: load took 646.0511ms
[debug]   Load.apply: resolveProjects took 12.1714ms
[debug]   Load.apply: finalTransforms took 107.5553ms
[debug]   Load.apply: config.delegates took 15.7634ms
[debug]   Load.apply: Def.make(settings)... took 1856.8024ms
[debug]   Load.apply: structureIndex took 149.6288ms
[debug]   Load.apply: mkStreams took 3.3225ms
[info] loading global plugins from C:\Users\amitkumar376\.sbt\1.0\plugins
[debug] Running task... Cancel: Signal, check cycles: false, forcegc: true
[debug] Load.defaultLoad until apply took 24105.7247ms
[debug]           Load.loadUnit: plugins took 53.2354ms
[debug]           Load.loadUnit: defsScala took 0.005ms
[debug] [Loading] Scanning directory C:\Users\amitkumar376\IdeaProjects\AssignementScala\project
[debug]             Load.loadUnit: mkEval took 23.1647ms
[debug] [Loading] Found non-root projects 
[debug] [Loading] Done in C:\Users\amitkumar376\IdeaProjects\AssignementScala\project, returning: ()
[debug] deducing auto plugins based on known facts Set(Atom(sbt.plugins.CorePlugin)) and clauses Clauses(List(Clause(Atom(sbt.plugins.JvmPlugin),Set(Atom(sbt.plugins.IvyPlugin))), Clause(Atom(sbt.ScriptedPlugin),Set(Atom(sbt.plugins.JvmPlugin))), Clause(Atom(sbt.plugins.SbtPlugin),Set(Atom(sbt.ScriptedPlugin))), Clause(Atom(sbt.plugins.SemanticdbPlugin),Set(Atom(sbt.plugins.JvmPlugin))), Clause(Atom(sbt.plugins.JUnitXmlReportPlugin),Set(Atom(sbt.plugins.JvmPlugin))), Clause(Atom(sbt.plugins.MiniDependencyTreePlugin),Set(Atom(sbt.plugins.JvmPlugin))), Clause(Atom(sbt.plugins.CorePlugin),Set(Atom(sbt.plugins.IvyPlugin))), Clause(Atom(sbt.plugins.IvyPlugin),Set(Atom(sbt.plugins.JvmPlugin))), Clause(Atom(sbt.plugins.JvmPlugin),Set(Atom(sbt.plugins.SemanticdbPlugin))), Clause(Atom(sbt.plugins.JvmPlugin),Set(Atom(sbt.plugins.JUnitXmlReportPlugin))), Clause(Atom(sbt.plugins.CorePlugin),Set(Atom(sbt.plugins.Giter8TemplatePlugin))), Clause(Atom(sbt.plugins.JvmPlugin),Set(Atom(sbt.plugins.MiniDependencyTreePlugin)))))
[debug]   :: deduced result: Matched(sbt.plugins.CorePlugin,sbt.plugins.Giter8TemplatePlugin,sbt.plugins.IvyPlugin,sbt.plugins.JvmPlugin,sbt.plugins.MiniDependencyTreePlugin,sbt.plugins.JUnitXmlReportPlugin,sbt.plugins.SemanticdbPlugin)
[debug] Plugins.deducer#function took 2.8397 ms
[info] loading settings for project assignementscala-build from idea.sbt ...
[debug]               Load.resolveProject(assignementscala-build) took 13.6897ms
[debug]             Load.loadTransitive: finalizeProject(Project(id assignementscala-build, base: C:\Users\amitkumar376\IdeaProjects\AssignementScala\project, plugins: List(<none>))) took 17.1151ms
[debug] [Loading] Done in C:\Users\amitkumar376\IdeaProjects\AssignementScala\project, returning: (assignementscala-build)
[debug]           Load.loadUnit: loadedProjectsRaw took 3177.2772ms
[debug]           Load.loadUnit: cleanEvalClasses took 8.379ms
[debug]         Load.loadUnit(file:/C:/Users/amitkumar376/IdeaProjects/AssignementScala/project/, ...) took 3240.9213ms
[debug]       Load.apply: load took 3243.3896ms
[debug]       Load.apply: resolveProjects took 0.1669ms
[debug]       Load.apply: finalTransforms took 11.03ms
[debug]       Load.apply: config.delegates took 0.556ms
[debug]       Load.apply: Def.make(settings)... took 102.2693ms
[debug]       Load.apply: structureIndex took 32.5588ms
[debug]       Load.apply: mkStreams took 0.0043ms
[info] loading project definition from C:\Users\amitkumar376\IdeaProjects\AssignementScala\project
[debug] Running task... Cancel: Signal, check cycles: false, forcegc: true
[debug]     Load.loadUnit: plugins took 5909.8083ms
[debug]     Load.loadUnit: defsScala took 0.0031ms
[debug] [Loading] Scanning directory C:\Users\amitkumar376\IdeaProjects\AssignementScala
[debug]       Load.loadUnit: mkEval took 0.4296ms
[debug] [Loading] Found non-root projects 
[debug] [Loading] Done in C:\Users\amitkumar376\IdeaProjects\AssignementScala, returning: ()
[debug] deducing auto plugins based on known facts Set(Atom(sbt.plugins.CorePlugin)) and clauses Clauses(List(Clause(Atom(sbt.plugins.JvmPlugin),Set(Atom(sbt.plugins.IvyPlugin))), Clause(Atom(sbt.ScriptedPlugin),Set(Atom(sbt.plugins.JvmPlugin))), Clause(Atom(sbt.plugins.SbtPlugin),Set(Atom(sbt.ScriptedPlugin))), Clause(Atom(sbt.plugins.SemanticdbPlugin),Set(Atom(sbt.plugins.JvmPlugin))), Clause(Atom(sbt.plugins.JUnitXmlReportPlugin),Set(Atom(sbt.plugins.JvmPlugin))), Clause(Atom(sbt.plugins.MiniDependencyTreePlugin),Set(Atom(sbt.plugins.JvmPlugin))), Clause(Atom(org.jetbrains.sbt.StructurePlugin),Set(Atom(sbt.plugins.JvmPlugin))), Clause(Atom(org.jetbrains.sbt.IdeaShellPlugin),Set(Atom(sbt.plugins.JvmPlugin))), Clause(Atom(org.jetbrains.sbt.indices.SbtIntellijIndicesPlugin),Set(Atom(sbt.plugins.JvmPlugin))), Clause(Atom(sbt.plugins.CorePlugin),Set(Atom(sbt.plugins.IvyPlugin))), Clause(Atom(sbt.plugins.IvyPlugin),Set(Atom(sbt.plugins.JvmPlugin))), Clause(Atom(sbt.plugins.JvmPlugin),Set(Atom(sbt.plugins.SemanticdbPlugin))), Clause(Atom(sbt.plugins.JvmPlugin),Set(Atom(sbt.plugins.JUnitXmlReportPlugin))), Clause(Atom(sbt.plugins.CorePlugin),Set(Atom(sbt.plugins.Giter8TemplatePlugin))), Clause(Atom(sbt.plugins.JvmPlugin),Set(Atom(sbt.plugins.MiniDependencyTreePlugin))), Clause(Atom(sbt.plugins.JvmPlugin),Set(Atom(org.jetbrains.sbt.StructurePlugin))), Clause(Atom(sbt.plugins.JvmPlugin),Set(Atom(org.jetbrains.sbt.IdeaShellPlugin))), Clause(And(Set(Atom(sbt.plugins.CorePlugin), Atom(sbt.plugins.JvmPlugin))),Set(Atom(org.jetbrains.sbt.indices.SbtIntellijIndicesPlugin)))))
[debug]   :: deduced result: Matched(sbt.plugins.CorePlugin,sbt.plugins.Giter8TemplatePlugin,sbt.plugins.IvyPlugin,sbt.plugins.JvmPlugin,sbt.plugins.SemanticdbPlugin,org.jetbrains.sbt.indices.SbtIntellijIndicesPlugin,sbt.plugins.JUnitXmlReportPlugin,org.jetbrains.sbt.IdeaShellPlugin,org.jetbrains.sbt.StructurePlugin,sbt.plugins.MiniDependencyTreePlugin)
[debug] Plugins.deducer#function took 2.8629 ms
[info] loading settings for project assignementscala from build.sbt ...
[debug]         Load.resolveProject(assignementscala) took 36.8479ms
[debug]       Load.loadTransitive: finalizeProject(Project(id assignementscala, base: C:\Users\amitkumar376\IdeaProjects\AssignementScala, plugins: List(<none>))) took 42.0083ms
[debug] [Loading] Done in C:\Users\amitkumar376\IdeaProjects\AssignementScala, returning: (assignementscala)
[debug]     Load.loadUnit: loadedProjectsRaw took 1129.7439ms
[debug]     Load.loadUnit: cleanEvalClasses took 21.1806ms
[debug]   Load.loadUnit(file:/C:/Users/amitkumar376/IdeaProjects/AssignementScala/, ...) took 7062.4372ms
[debug] Load.apply: load took 7065.3124ms
[debug] Load.apply: resolveProjects took 0.172ms
[debug] Load.apply: finalTransforms took 33.1518ms
[debug] Load.apply: config.delegates took 0.5888ms
[debug] Load.apply: Def.make(settings)... took 88.1739ms
[debug] Load.apply: structureIndex took 21.8555ms
[debug] Load.apply: mkStreams took 0.0046ms
[info] set current project to AssignementScala (in build file:/C:/Users/amitkumar376/IdeaProjects/AssignementScala/)
[debug] > Exec(sbtPopOnFailure, None, None)
[debug] > Exec(resumeFromFailure, None, None)
[debug] > Exec(notifyUsersAboutShell, None, None)
[debug] > Exec(iflast shell, None, None)
[debug] > Exec(; set ideaPort in Global := 50421 ; idea-shell, None, None)
[debug] > Exec(set ideaPort in Global := 50421, None, None)
[info] Defining Global / ideaPort
[info] The new value will be used by Compile / compile, Test / compile
[debug] Defining 
[debug] 	Global / ideaPort
[debug] 
[debug] The new value will be used by 
[debug] 	Compile / compile
[debug] 	Test / compile
[info] Reapplying settings...
[info] set current project to AssignementScala (in build file:/C:/Users/amitkumar376/IdeaProjects/AssignementScala/)
[debug] > Exec(idea-shell, None, None)
